[3.251s] Invoking command in '/home/trung/BME_ws/src/bme680_sensor': PYTHONPATH=/home/trung/BME_ws/build/bme680_sensor/prefix_override:/usr/lib/python3/dist-packages/colcon_core/task/python/colcon_distutils_commands:/home/trung/BME_ws/install/bme680_sensor/lib/python3.10/site-packages:${PYTHONPATH} /usr/bin/python3 -W ignore:setup.py install is deprecated -W ignore:easy_install command is deprecated setup.py egg_info --egg-base ../../build/bme680_sensor build --build-base /home/trung/BME_ws/build/bme680_sensor/build install --record /home/trung/BME_ws/build/bme680_sensor/install.log --single-version-externally-managed install_data
[4.545s] running egg_info
[4.548s] writing ../../build/bme680_sensor/bme680_sensor.egg-info/PKG-INFO
[4.550s] writing dependency_links to ../../build/bme680_sensor/bme680_sensor.egg-info/dependency_links.txt
[4.551s] writing entry points to ../../build/bme680_sensor/bme680_sensor.egg-info/entry_points.txt
[4.552s] writing requirements to ../../build/bme680_sensor/bme680_sensor.egg-info/requires.txt
[4.552s] writing top-level names to ../../build/bme680_sensor/bme680_sensor.egg-info/top_level.txt
[4.562s] reading manifest file '../../build/bme680_sensor/bme680_sensor.egg-info/SOURCES.txt'
[4.572s] writing manifest file '../../build/bme680_sensor/bme680_sensor.egg-info/SOURCES.txt'
[4.572s] running build
[4.573s] running build_py
[4.574s] copying bme680_sensor/google_sheets_logger.py -> /home/trung/BME_ws/build/bme680_sensor/build/lib/bme680_sensor
[4.575s] running install
[4.577s] running install_lib
[4.581s] copying /home/trung/BME_ws/build/bme680_sensor/build/lib/bme680_sensor/google_sheets_logger.py -> /home/trung/BME_ws/install/bme680_sensor/lib/python3.10/site-packages/bme680_sensor
[4.585s] byte-compiling /home/trung/BME_ws/install/bme680_sensor/lib/python3.10/site-packages/bme680_sensor/google_sheets_logger.py to google_sheets_logger.cpython-310.pyc
[4.588s] running install_data
[4.588s] running install_egg_info
[4.596s] removing '/home/trung/BME_ws/install/bme680_sensor/lib/python3.10/site-packages/bme680_sensor-0.0.0-py3.10.egg-info' (and everything under it)
[4.598s] Copying ../../build/bme680_sensor/bme680_sensor.egg-info to /home/trung/BME_ws/install/bme680_sensor/lib/python3.10/site-packages/bme680_sensor-0.0.0-py3.10.egg-info
[4.605s] running install_scripts
[4.691s] Installing bme680_node script to /home/trung/BME_ws/install/bme680_sensor/lib/bme680_sensor
[4.692s] Installing google_sheets_logger script to /home/trung/BME_ws/install/bme680_sensor/lib/bme680_sensor
[4.694s] writing list of installed files to '/home/trung/BME_ws/build/bme680_sensor/install.log'
[4.818s] Invoked command in '/home/trung/BME_ws/src/bme680_sensor' returned '0': PYTHONPATH=/home/trung/BME_ws/build/bme680_sensor/prefix_override:/usr/lib/python3/dist-packages/colcon_core/task/python/colcon_distutils_commands:/home/trung/BME_ws/install/bme680_sensor/lib/python3.10/site-packages:${PYTHONPATH} /usr/bin/python3 -W ignore:setup.py install is deprecated -W ignore:easy_install command is deprecated setup.py egg_info --egg-base ../../build/bme680_sensor build --build-base /home/trung/BME_ws/build/bme680_sensor/build install --record /home/trung/BME_ws/build/bme680_sensor/install.log --single-version-externally-managed install_data
