[0.527s] DEBUG:colcon:Command line arguments: ['/usr/bin/colcon', 'build']
[0.528s] DEBUG:colcon:Parsed command line arguments: Namespace(log_base=None, log_level=None, verb_name='build', build_base='build', install_base='install', merge_install=False, symlink_install=False, test_result_base=None, continue_on_error=False, executor='parallel', parallel_workers=4, event_handlers=None, ignore_user_meta=False, metas=['./colcon.meta'], base_paths=['.'], packages_ignore=None, packages_ignore_regex=None, paths=None, packages_up_to=None, packages_up_to_regex=None, packages_above=None, packages_above_and_dependencies=None, packages_above_depth=None, packages_select_by_dep=None, packages_skip_by_dep=None, packages_skip_up_to=None, packages_select_build_failed=False, packages_skip_build_finished=False, packages_select_test_failures=False, packages_skip_test_passed=False, packages_select=None, packages_skip=None, packages_select_regex=None, packages_skip_regex=None, packages_start=None, packages_end=None, allow_overriding=[], cmake_args=None, cmake_target=None, cmake_target_skip_unavailable=False, cmake_clean_cache=False, cmake_clean_first=False, cmake_force_configure=False, ament_cmake_args=None, catkin_cmake_args=None, catkin_skip_building_tests=False, mixin_files=None, mixin=None, verb_parser=<colcon_mixin.mixin.mixin_argument.MixinArgumentDecorator object at 0xffffa4f8d060>, verb_extension=<colcon_core.verb.build.BuildVerb object at 0xffffa51229b0>, main=<bound method BuildVerb.main of <colcon_core.verb.build.BuildVerb object at 0xffffa51229b0>>, mixin_verb=('build',))
[1.480s] Level 1:colcon.colcon_core.package_discovery:discover_packages(colcon_meta) check parameters
[1.480s] Level 1:colcon.colcon_core.package_discovery:discover_packages(recursive) check parameters
[1.481s] Level 1:colcon.colcon_core.package_discovery:discover_packages(ignore) check parameters
[1.481s] Level 1:colcon.colcon_core.package_discovery:discover_packages(path) check parameters
[1.481s] Level 1:colcon.colcon_core.package_discovery:discover_packages(colcon_meta) discover
[1.481s] Level 1:colcon.colcon_core.package_discovery:discover_packages(recursive) discover
[1.482s] INFO:colcon.colcon_core.package_discovery:Crawling recursively for packages in '/home/trung/BME_ws'
[1.482s] Level 1:colcon.colcon_core.package_identification:_identify(.) by extensions ['ignore', 'ignore_ament_install']
[1.483s] Level 1:colcon.colcon_core.package_identification:_identify(.) by extension 'ignore'
[1.483s] Level 1:colcon.colcon_core.package_identification:_identify(.) by extension 'ignore_ament_install'
[1.483s] Level 1:colcon.colcon_core.package_identification:_identify(.) by extensions ['colcon_pkg']
[1.483s] Level 1:colcon.colcon_core.package_identification:_identify(.) by extension 'colcon_pkg'
[1.484s] Level 1:colcon.colcon_core.package_identification:_identify(.) by extensions ['colcon_meta']
[1.484s] Level 1:colcon.colcon_core.package_identification:_identify(.) by extension 'colcon_meta'
[1.484s] Level 1:colcon.colcon_core.package_identification:_identify(.) by extensions ['ros']
[1.484s] Level 1:colcon.colcon_core.package_identification:_identify(.) by extension 'ros'
[1.533s] Level 1:colcon.colcon_core.package_identification:_identify(.) by extensions ['cmake', 'python']
[1.534s] Level 1:colcon.colcon_core.package_identification:_identify(.) by extension 'cmake'
[1.534s] Level 1:colcon.colcon_core.package_identification:_identify(.) by extension 'python'
[1.534s] Level 1:colcon.colcon_core.package_identification:_identify(.) by extensions ['python_setup_py']
[1.535s] Level 1:colcon.colcon_core.package_identification:_identify(.) by extension 'python_setup_py'
[1.535s] Level 1:colcon.colcon_core.package_identification:_identify(build) by extensions ['ignore', 'ignore_ament_install']
[1.536s] Level 1:colcon.colcon_core.package_identification:_identify(build) by extension 'ignore'
[1.536s] Level 1:colcon.colcon_core.package_identification:_identify(build) ignored
[1.537s] Level 1:colcon.colcon_core.package_identification:_identify(install) by extensions ['ignore', 'ignore_ament_install']
[1.537s] Level 1:colcon.colcon_core.package_identification:_identify(install) by extension 'ignore'
[1.537s] Level 1:colcon.colcon_core.package_identification:_identify(install) ignored
[1.538s] Level 1:colcon.colcon_core.package_identification:_identify(log) by extensions ['ignore', 'ignore_ament_install']
[1.539s] Level 1:colcon.colcon_core.package_identification:_identify(log) by extension 'ignore'
[1.539s] Level 1:colcon.colcon_core.package_identification:_identify(log) ignored
[1.539s] Level 1:colcon.colcon_core.package_identification:_identify(src) by extensions ['ignore', 'ignore_ament_install']
[1.540s] Level 1:colcon.colcon_core.package_identification:_identify(src) by extension 'ignore'
[1.540s] Level 1:colcon.colcon_core.package_identification:_identify(src) by extension 'ignore_ament_install'
[1.540s] Level 1:colcon.colcon_core.package_identification:_identify(src) by extensions ['colcon_pkg']
[1.540s] Level 1:colcon.colcon_core.package_identification:_identify(src) by extension 'colcon_pkg'
[1.540s] Level 1:colcon.colcon_core.package_identification:_identify(src) by extensions ['colcon_meta']
[1.541s] Level 1:colcon.colcon_core.package_identification:_identify(src) by extension 'colcon_meta'
[1.541s] Level 1:colcon.colcon_core.package_identification:_identify(src) by extensions ['ros']
[1.541s] Level 1:colcon.colcon_core.package_identification:_identify(src) by extension 'ros'
[1.541s] Level 1:colcon.colcon_core.package_identification:_identify(src) by extensions ['cmake', 'python']
[1.542s] Level 1:colcon.colcon_core.package_identification:_identify(src) by extension 'cmake'
[1.542s] Level 1:colcon.colcon_core.package_identification:_identify(src) by extension 'python'
[1.542s] Level 1:colcon.colcon_core.package_identification:_identify(src) by extensions ['python_setup_py']
[1.542s] Level 1:colcon.colcon_core.package_identification:_identify(src) by extension 'python_setup_py'
[1.543s] Level 1:colcon.colcon_core.package_identification:_identify(src/bme680_sensor) by extensions ['ignore', 'ignore_ament_install']
[1.543s] Level 1:colcon.colcon_core.package_identification:_identify(src/bme680_sensor) by extension 'ignore'
[1.543s] Level 1:colcon.colcon_core.package_identification:_identify(src/bme680_sensor) by extension 'ignore_ament_install'
[1.544s] Level 1:colcon.colcon_core.package_identification:_identify(src/bme680_sensor) by extensions ['colcon_pkg']
[1.544s] Level 1:colcon.colcon_core.package_identification:_identify(src/bme680_sensor) by extension 'colcon_pkg'
[1.544s] Level 1:colcon.colcon_core.package_identification:_identify(src/bme680_sensor) by extensions ['colcon_meta']
[1.544s] Level 1:colcon.colcon_core.package_identification:_identify(src/bme680_sensor) by extension 'colcon_meta'
[1.544s] Level 1:colcon.colcon_core.package_identification:_identify(src/bme680_sensor) by extensions ['ros']
[1.545s] Level 1:colcon.colcon_core.package_identification:_identify(src/bme680_sensor) by extension 'ros'
[1.556s] DEBUG:colcon.colcon_core.package_identification:Package 'src/bme680_sensor' with type 'ros.ament_python' and name 'bme680_sensor'
[1.556s] Level 1:colcon.colcon_core.package_discovery:discover_packages(recursive) using defaults
[1.556s] Level 1:colcon.colcon_core.package_discovery:discover_packages(ignore) discover
[1.556s] Level 1:colcon.colcon_core.package_discovery:discover_packages(ignore) using defaults
[1.557s] Level 1:colcon.colcon_core.package_discovery:discover_packages(path) discover
[1.557s] Level 1:colcon.colcon_core.package_discovery:discover_packages(path) using defaults
[1.685s] Level 1:colcon.colcon_core.package_discovery:discover_packages(prefix_path) check parameters
[1.685s] Level 1:colcon.colcon_core.package_discovery:discover_packages(prefix_path) discover
[1.694s] DEBUG:colcon.colcon_installed_package_information.package_discovery:Found 1 installed packages in /home/trung/BME_ws/install
[1.704s] DEBUG:colcon.colcon_installed_package_information.package_discovery:Found 271 installed packages in /opt/ros/humble
[1.712s] Level 1:colcon.colcon_core.package_discovery:discover_packages(prefix_path) using defaults
[1.903s] Level 5:colcon.colcon_core.verb:set package 'bme680_sensor' build argument 'cmake_args' from command line to 'None'
[1.904s] Level 5:colcon.colcon_core.verb:set package 'bme680_sensor' build argument 'cmake_target' from command line to 'None'
[1.904s] Level 5:colcon.colcon_core.verb:set package 'bme680_sensor' build argument 'cmake_target_skip_unavailable' from command line to 'False'
[1.904s] Level 5:colcon.colcon_core.verb:set package 'bme680_sensor' build argument 'cmake_clean_cache' from command line to 'False'
[1.904s] Level 5:colcon.colcon_core.verb:set package 'bme680_sensor' build argument 'cmake_clean_first' from command line to 'False'
[1.904s] Level 5:colcon.colcon_core.verb:set package 'bme680_sensor' build argument 'cmake_force_configure' from command line to 'False'
[1.904s] Level 5:colcon.colcon_core.verb:set package 'bme680_sensor' build argument 'ament_cmake_args' from command line to 'None'
[1.904s] Level 5:colcon.colcon_core.verb:set package 'bme680_sensor' build argument 'catkin_cmake_args' from command line to 'None'
[1.904s] Level 5:colcon.colcon_core.verb:set package 'bme680_sensor' build argument 'catkin_skip_building_tests' from command line to 'False'
[1.905s] DEBUG:colcon.colcon_core.verb:Building package 'bme680_sensor' with the following arguments: {'ament_cmake_args': None, 'build_base': '/home/trung/BME_ws/build/bme680_sensor', 'catkin_cmake_args': None, 'catkin_skip_building_tests': False, 'cmake_args': None, 'cmake_clean_cache': False, 'cmake_clean_first': False, 'cmake_force_configure': False, 'cmake_target': None, 'cmake_target_skip_unavailable': False, 'install_base': '/home/trung/BME_ws/install/bme680_sensor', 'merge_install': False, 'path': '/home/trung/BME_ws/src/bme680_sensor', 'symlink_install': False, 'test_result_base': None}
[1.905s] INFO:colcon.colcon_core.executor:Executing jobs using 'parallel' executor
[1.909s] DEBUG:colcon.colcon_parallel_executor.executor.parallel:run_until_complete
[1.910s] INFO:colcon.colcon_ros.task.ament_python.build:Building ROS package in '/home/trung/BME_ws/src/bme680_sensor' with build type 'ament_python'
[1.911s] Level 1:colcon.colcon_core.shell:create_environment_hook('bme680_sensor', 'ament_prefix_path')
[1.921s] INFO:colcon.colcon_core.plugin_system:Skipping extension 'colcon_core.shell.bat': Not used on non-Windows systems
[1.922s] INFO:colcon.colcon_core.shell:Creating environment hook '/home/trung/BME_ws/install/bme680_sensor/share/bme680_sensor/hook/ament_prefix_path.ps1'
[1.925s] INFO:colcon.colcon_core.shell:Creating environment descriptor '/home/trung/BME_ws/install/bme680_sensor/share/bme680_sensor/hook/ament_prefix_path.dsv'
[1.928s] INFO:colcon.colcon_core.shell:Creating environment hook '/home/trung/BME_ws/install/bme680_sensor/share/bme680_sensor/hook/ament_prefix_path.sh'
[1.932s] INFO:colcon.colcon_core.shell:Skip shell extension 'powershell' for command environment: Not usable outside of PowerShell
[1.932s] DEBUG:colcon.colcon_core.shell:Skip shell extension 'dsv' for command environment
[3.338s] INFO:colcon.colcon_core.task.python.build:Building Python package in '/home/trung/BME_ws/src/bme680_sensor'
[3.339s] INFO:colcon.colcon_core.shell:Skip shell extension 'powershell' for command environment: Not usable outside of PowerShell
[3.339s] DEBUG:colcon.colcon_core.shell:Skip shell extension 'dsv' for command environment
[5.106s] DEBUG:colcon.colcon_core.event_handler.log_command:Invoking command in '/home/trung/BME_ws/src/bme680_sensor': PYTHONPATH=/home/trung/BME_ws/build/bme680_sensor/prefix_override:/usr/lib/python3/dist-packages/colcon_core/task/python/colcon_distutils_commands:/home/trung/BME_ws/install/bme680_sensor/lib/python3.10/site-packages:${PYTHONPATH} /usr/bin/python3 -W ignore:setup.py install is deprecated -W ignore:easy_install command is deprecated setup.py egg_info --egg-base ../../build/bme680_sensor build --build-base /home/trung/BME_ws/build/bme680_sensor/build install --record /home/trung/BME_ws/build/bme680_sensor/install.log --single-version-externally-managed install_data
[6.696s] DEBUG:colcon.colcon_core.event_handler.log_command:Invoked command in '/home/trung/BME_ws/src/bme680_sensor' returned '0': PYTHONPATH=/home/trung/BME_ws/build/bme680_sensor/prefix_override:/usr/lib/python3/dist-packages/colcon_core/task/python/colcon_distutils_commands:/home/trung/BME_ws/install/bme680_sensor/lib/python3.10/site-packages:${PYTHONPATH} /usr/bin/python3 -W ignore:setup.py install is deprecated -W ignore:easy_install command is deprecated setup.py egg_info --egg-base ../../build/bme680_sensor build --build-base /home/trung/BME_ws/build/bme680_sensor/build install --record /home/trung/BME_ws/build/bme680_sensor/install.log --single-version-externally-managed install_data
[6.712s] Level 1:colcon.colcon_core.environment:checking '/home/trung/BME_ws/install/bme680_sensor' for CMake module files
[6.715s] Level 1:colcon.colcon_core.environment:checking '/home/trung/BME_ws/install/bme680_sensor' for CMake config files
[6.720s] Level 1:colcon.colcon_core.environment:checking '/home/trung/BME_ws/install/bme680_sensor/lib'
[6.721s] Level 1:colcon.colcon_core.environment:checking '/home/trung/BME_ws/install/bme680_sensor/bin'
[6.722s] Level 1:colcon.colcon_core.environment:checking '/home/trung/BME_ws/install/bme680_sensor/lib/pkgconfig/bme680_sensor.pc'
[6.723s] Level 1:colcon.colcon_core.environment:checking '/home/trung/BME_ws/install/bme680_sensor/lib/python3.10/site-packages'
[6.723s] Level 1:colcon.colcon_core.shell:create_environment_hook('bme680_sensor', 'pythonpath')
[6.724s] INFO:colcon.colcon_core.shell:Creating environment hook '/home/trung/BME_ws/install/bme680_sensor/share/bme680_sensor/hook/pythonpath.ps1'
[6.726s] INFO:colcon.colcon_core.shell:Creating environment descriptor '/home/trung/BME_ws/install/bme680_sensor/share/bme680_sensor/hook/pythonpath.dsv'
[6.728s] INFO:colcon.colcon_core.shell:Creating environment hook '/home/trung/BME_ws/install/bme680_sensor/share/bme680_sensor/hook/pythonpath.sh'
[6.731s] Level 1:colcon.colcon_core.environment:checking '/home/trung/BME_ws/install/bme680_sensor/bin'
[6.732s] Level 1:colcon.colcon_core.environment:create_environment_scripts_only(bme680_sensor)
[6.733s] INFO:colcon.colcon_core.shell:Creating package script '/home/trung/BME_ws/install/bme680_sensor/share/bme680_sensor/package.ps1'
[6.737s] INFO:colcon.colcon_core.shell:Creating package descriptor '/home/trung/BME_ws/install/bme680_sensor/share/bme680_sensor/package.dsv'
[6.740s] INFO:colcon.colcon_core.shell:Creating package script '/home/trung/BME_ws/install/bme680_sensor/share/bme680_sensor/package.sh'
[6.745s] INFO:colcon.colcon_core.shell:Creating package script '/home/trung/BME_ws/install/bme680_sensor/share/bme680_sensor/package.bash'
[6.749s] INFO:colcon.colcon_core.shell:Creating package script '/home/trung/BME_ws/install/bme680_sensor/share/bme680_sensor/package.zsh'
[6.752s] Level 1:colcon.colcon_core.environment:create_file_with_runtime_dependencies(/home/trung/BME_ws/install/bme680_sensor/share/colcon-core/packages/bme680_sensor)
[6.754s] DEBUG:colcon.colcon_parallel_executor.executor.parallel:closing loop
[6.756s] DEBUG:colcon.colcon_parallel_executor.executor.parallel:loop closed
[6.756s] DEBUG:colcon.colcon_parallel_executor.executor.parallel:run_until_complete finished with '0'
[6.756s] DEBUG:colcon.colcon_core.event_reactor:joining thread
[6.781s] INFO:colcon.colcon_core.plugin_system:Skipping extension 'colcon_notification.desktop_notification.terminal_notifier': Not used on non-Darwin systems
[6.781s] INFO:colcon.colcon_core.plugin_system:Skipping extension 'colcon_notification.desktop_notification.win32': Not used on non-Windows systems
[6.782s] INFO:colcon.colcon_notification.desktop_notification:Sending desktop notification using 'notify2'
[6.788s] DEBUG:colcon.colcon_notification.desktop_notification.notify2:Failed to initialize notify2: org.freedesktop.DBus.Error.ServiceUnknown: The name org.freedesktop.Notifications was not provided by any .service files
[6.788s] DEBUG:colcon.colcon_core.event_reactor:joined thread
[6.790s] INFO:colcon.colcon_core.shell:Creating prefix script '/home/trung/BME_ws/install/local_setup.ps1'
[6.795s] INFO:colcon.colcon_core.shell:Creating prefix util module '/home/trung/BME_ws/install/_local_setup_util_ps1.py'
[6.803s] INFO:colcon.colcon_core.shell:Creating prefix chain script '/home/trung/BME_ws/install/setup.ps1'
[6.809s] INFO:colcon.colcon_core.shell:Creating prefix script '/home/trung/BME_ws/install/local_setup.sh'
[6.812s] INFO:colcon.colcon_core.shell:Creating prefix util module '/home/trung/BME_ws/install/_local_setup_util_sh.py'
[6.816s] INFO:colcon.colcon_core.shell:Creating prefix chain script '/home/trung/BME_ws/install/setup.sh'
[6.821s] INFO:colcon.colcon_core.shell:Creating prefix script '/home/trung/BME_ws/install/local_setup.bash'
[6.823s] INFO:colcon.colcon_core.shell:Creating prefix chain script '/home/trung/BME_ws/install/setup.bash'
[6.828s] INFO:colcon.colcon_core.shell:Creating prefix script '/home/trung/BME_ws/install/local_setup.zsh'
[6.831s] INFO:colcon.colcon_core.shell:Creating prefix chain script '/home/trung/BME_ws/install/setup.zsh'
