[3.499s] Invoking command in '/home/trung/BME_ws/src/bme680_sensor': PYTHONPATH=/home/trung/BME_ws/build/bme680_sensor/prefix_override:/usr/lib/python3/dist-packages/colcon_core/task/python/colcon_distutils_commands:/home/trung/BME_ws/install/bme680_sensor/lib/python3.10/site-packages:${PYTHONPATH} /usr/bin/python3 -W ignore:setup.py install is deprecated -W ignore:easy_install command is deprecated setup.py egg_info --egg-base ../../build/bme680_sensor build --build-base /home/trung/BME_ws/build/bme680_sensor/build install --record /home/trung/BME_ws/build/bme680_sensor/install.log --single-version-externally-managed install_data
[4.838s] running egg_info
[4.841s] writing ../../build/bme680_sensor/bme680_sensor.egg-info/PKG-INFO
[4.843s] writing dependency_links to ../../build/bme680_sensor/bme680_sensor.egg-info/dependency_links.txt
[4.844s] writing entry points to ../../build/bme680_sensor/bme680_sensor.egg-info/entry_points.txt
[4.845s] writing requirements to ../../build/bme680_sensor/bme680_sensor.egg-info/requires.txt
[4.846s] writing top-level names to ../../build/bme680_sensor/bme680_sensor.egg-info/top_level.txt
[4.855s] reading manifest file '../../build/bme680_sensor/bme680_sensor.egg-info/SOURCES.txt'
[4.865s] writing manifest file '../../build/bme680_sensor/bme680_sensor.egg-info/SOURCES.txt'
[4.866s] running build
[4.867s] running build_py
[4.868s] running install
[4.870s] running install_lib
[4.876s] running install_data
[4.877s] running install_egg_info
[4.885s] removing '/home/trung/BME_ws/install/bme680_sensor/lib/python3.10/site-packages/bme680_sensor-0.0.0-py3.10.egg-info' (and everything under it)
[4.887s] Copying ../../build/bme680_sensor/bme680_sensor.egg-info to /home/trung/BME_ws/install/bme680_sensor/lib/python3.10/site-packages/bme680_sensor-0.0.0-py3.10.egg-info
[4.894s] running install_scripts
[4.980s] Installing bme680_node script to /home/trung/BME_ws/install/bme680_sensor/lib/bme680_sensor
[4.982s] writing list of installed files to '/home/trung/BME_ws/build/bme680_sensor/install.log'
[5.110s] Invoked command in '/home/trung/BME_ws/src/bme680_sensor' returned '0': PYTHONPATH=/home/trung/BME_ws/build/bme680_sensor/prefix_override:/usr/lib/python3/dist-packages/colcon_core/task/python/colcon_distutils_commands:/home/trung/BME_ws/install/bme680_sensor/lib/python3.10/site-packages:${PYTHONPATH} /usr/bin/python3 -W ignore:setup.py install is deprecated -W ignore:easy_install command is deprecated setup.py egg_info --egg-base ../../build/bme680_sensor build --build-base /home/trung/BME_ws/build/bme680_sensor/build install --record /home/trung/BME_ws/build/bme680_sensor/install.log --single-version-externally-managed install_data
