[3.227s] Invoking command in '/home/trung/BME_ws/build/bme680_sensor': PYTHONPATH=/home/trung/BME_ws/build/bme680_sensor/prefix_override:/usr/lib/python3/dist-packages/colcon_core/task/python/colcon_distutils_commands:/home/trung/BME_ws/install/bme680_sensor/lib/python3.10/site-packages:${PYTHONPATH} /usr/bin/python3 -W ignore:setup.py install is deprecated -W ignore:easy_install command is deprecated setup.py develop --uninstall --editable --build-directory /home/trung/BME_ws/build/bme680_sensor/build
[4.627s] running develop
[5.620s] Removing /home/trung/BME_ws/install/bme680_sensor/lib/python3.10/site-packages/bme680-sensor.egg-link (link to .)
[5.761s] Invoked command in '/home/trung/BME_ws/build/bme680_sensor' returned '0': PYTHONPATH=/home/trung/BME_ws/build/bme680_sensor/prefix_override:/usr/lib/python3/dist-packages/colcon_core/task/python/colcon_distutils_commands:/home/trung/BME_ws/install/bme680_sensor/lib/python3.10/site-packages:${PYTHONPATH} /usr/bin/python3 -W ignore:setup.py install is deprecated -W ignore:easy_install command is deprecated setup.py develop --uninstall --editable --build-directory /home/trung/BME_ws/build/bme680_sensor/build
[5.771s] Invoking command in '/home/trung/BME_ws/src/bme680_sensor': PYTHONPATH=/home/trung/BME_ws/build/bme680_sensor/prefix_override:/usr/lib/python3/dist-packages/colcon_core/task/python/colcon_distutils_commands:/home/trung/BME_ws/install/bme680_sensor/lib/python3.10/site-packages:${PYTHONPATH} /usr/bin/python3 -W ignore:setup.py install is deprecated -W ignore:easy_install command is deprecated setup.py egg_info --egg-base ../../build/bme680_sensor build --build-base /home/trung/BME_ws/build/bme680_sensor/build install --record /home/trung/BME_ws/build/bme680_sensor/install.log --single-version-externally-managed install_data --force
[7.076s] running egg_info
[7.079s] writing ../../build/bme680_sensor/bme680_sensor.egg-info/PKG-INFO
[7.080s] writing dependency_links to ../../build/bme680_sensor/bme680_sensor.egg-info/dependency_links.txt
[7.081s] writing entry points to ../../build/bme680_sensor/bme680_sensor.egg-info/entry_points.txt
[7.082s] writing requirements to ../../build/bme680_sensor/bme680_sensor.egg-info/requires.txt
[7.083s] writing top-level names to ../../build/bme680_sensor/bme680_sensor.egg-info/top_level.txt
[7.091s] reading manifest file '../../build/bme680_sensor/bme680_sensor.egg-info/SOURCES.txt'
[7.096s] writing manifest file '../../build/bme680_sensor/bme680_sensor.egg-info/SOURCES.txt'
[7.096s] running build
[7.097s] running build_py
[7.097s] creating /home/trung/BME_ws/build/bme680_sensor/build
[7.098s] creating /home/trung/BME_ws/build/bme680_sensor/build/lib
[7.098s] creating /home/trung/BME_ws/build/bme680_sensor/build/lib/bme680_sensor
[7.099s] copying bme680_sensor/__init__.py -> /home/trung/BME_ws/build/bme680_sensor/build/lib/bme680_sensor
[7.099s] copying bme680_sensor/bme680_node.py -> /home/trung/BME_ws/build/bme680_sensor/build/lib/bme680_sensor
[7.100s] running install
[7.101s] running install_lib
[7.106s] creating /home/trung/BME_ws/install/bme680_sensor/lib/python3.10/site-packages/bme680_sensor
[7.106s] copying /home/trung/BME_ws/build/bme680_sensor/build/lib/bme680_sensor/__init__.py -> /home/trung/BME_ws/install/bme680_sensor/lib/python3.10/site-packages/bme680_sensor
[7.107s] copying /home/trung/BME_ws/build/bme680_sensor/build/lib/bme680_sensor/bme680_node.py -> /home/trung/BME_ws/install/bme680_sensor/lib/python3.10/site-packages/bme680_sensor
[7.110s] byte-compiling /home/trung/BME_ws/install/bme680_sensor/lib/python3.10/site-packages/bme680_sensor/__init__.py to __init__.cpython-310.pyc
[7.111s] byte-compiling /home/trung/BME_ws/install/bme680_sensor/lib/python3.10/site-packages/bme680_sensor/bme680_node.py to bme680_node.cpython-310.pyc
[7.114s] running install_data
[7.115s] copying resource/bme680_sensor -> /home/trung/BME_ws/install/bme680_sensor/share/ament_index/resource_index/packages
[7.116s] copying package.xml -> /home/trung/BME_ws/install/bme680_sensor/share/bme680_sensor
[7.117s] running install_egg_info
[7.129s] Copying ../../build/bme680_sensor/bme680_sensor.egg-info to /home/trung/BME_ws/install/bme680_sensor/lib/python3.10/site-packages/bme680_sensor-0.0.0-py3.10.egg-info
[7.135s] running install_scripts
[7.221s] Installing bme680_node script to /home/trung/BME_ws/install/bme680_sensor/lib/bme680_sensor
[7.223s] writing list of installed files to '/home/trung/BME_ws/build/bme680_sensor/install.log'
[7.348s] Invoked command in '/home/trung/BME_ws/src/bme680_sensor' returned '0': PYTHONPATH=/home/trung/BME_ws/build/bme680_sensor/prefix_override:/usr/lib/python3/dist-packages/colcon_core/task/python/colcon_distutils_commands:/home/trung/BME_ws/install/bme680_sensor/lib/python3.10/site-packages:${PYTHONPATH} /usr/bin/python3 -W ignore:setup.py install is deprecated -W ignore:easy_install command is deprecated setup.py egg_info --egg-base ../../build/bme680_sensor build --build-base /home/trung/BME_ws/build/bme680_sensor/build install --record /home/trung/BME_ws/build/bme680_sensor/install.log --single-version-externally-managed install_data --force
