[1.271s] DEBUG:colcon:Command line arguments: ['/usr/bin/colcon', 'build']
[1.271s] DEBUG:colcon:Parsed command line arguments: Namespace(log_base=None, log_level=None, verb_name='build', build_base='build', install_base='install', merge_install=False, symlink_install=False, test_result_base=None, continue_on_error=False, executor='parallel', parallel_workers=4, event_handlers=None, ignore_user_meta=False, metas=['./colcon.meta'], base_paths=['.'], packages_ignore=None, packages_ignore_regex=None, paths=None, packages_up_to=None, packages_up_to_regex=None, packages_above=None, packages_above_and_dependencies=None, packages_above_depth=None, packages_select_by_dep=None, packages_skip_by_dep=None, packages_skip_up_to=None, packages_select_build_failed=False, packages_skip_build_finished=False, packages_select_test_failures=False, packages_skip_test_passed=False, packages_select=None, packages_skip=None, packages_select_regex=None, packages_skip_regex=None, packages_start=None, packages_end=None, allow_overriding=[], cmake_args=None, cmake_target=None, cmake_target_skip_unavailable=False, cmake_clean_cache=False, cmake_clean_first=False, cmake_force_configure=False, ament_cmake_args=None, catkin_cmake_args=None, catkin_skip_building_tests=False, mixin_files=None, mixin=None, verb_parser=<colcon_mixin.mixin.mixin_argument.MixinArgumentDecorator object at 0xffffb6648d60>, verb_extension=<colcon_core.verb.build.BuildVerb object at 0xffffb67e26b0>, main=<bound method BuildVerb.main of <colcon_core.verb.build.BuildVerb object at 0xffffb67e26b0>>, mixin_verb=('build',))
[2.764s] Level 1:colcon.colcon_core.package_discovery:discover_packages(colcon_meta) check parameters
[2.765s] Level 1:colcon.colcon_core.package_discovery:discover_packages(recursive) check parameters
[2.765s] Level 1:colcon.colcon_core.package_discovery:discover_packages(ignore) check parameters
[2.765s] Level 1:colcon.colcon_core.package_discovery:discover_packages(path) check parameters
[2.765s] Level 1:colcon.colcon_core.package_discovery:discover_packages(colcon_meta) discover
[2.766s] Level 1:colcon.colcon_core.package_discovery:discover_packages(recursive) discover
[2.766s] INFO:colcon.colcon_core.package_discovery:Crawling recursively for packages in '/home/trung/BME_ws'
[2.766s] Level 1:colcon.colcon_core.package_identification:_identify(.) by extensions ['ignore', 'ignore_ament_install']
[2.767s] Level 1:colcon.colcon_core.package_identification:_identify(.) by extension 'ignore'
[2.767s] Level 1:colcon.colcon_core.package_identification:_identify(.) by extension 'ignore_ament_install'
[2.768s] Level 1:colcon.colcon_core.package_identification:_identify(.) by extensions ['colcon_pkg']
[2.768s] Level 1:colcon.colcon_core.package_identification:_identify(.) by extension 'colcon_pkg'
[2.768s] Level 1:colcon.colcon_core.package_identification:_identify(.) by extensions ['colcon_meta']
[2.768s] Level 1:colcon.colcon_core.package_identification:_identify(.) by extension 'colcon_meta'
[2.768s] Level 1:colcon.colcon_core.package_identification:_identify(.) by extensions ['ros']
[2.769s] Level 1:colcon.colcon_core.package_identification:_identify(.) by extension 'ros'
[2.850s] Level 1:colcon.colcon_core.package_identification:_identify(.) by extensions ['cmake', 'python']
[2.851s] Level 1:colcon.colcon_core.package_identification:_identify(.) by extension 'cmake'
[2.851s] Level 1:colcon.colcon_core.package_identification:_identify(.) by extension 'python'
[2.851s] Level 1:colcon.colcon_core.package_identification:_identify(.) by extensions ['python_setup_py']
[2.852s] Level 1:colcon.colcon_core.package_identification:_identify(.) by extension 'python_setup_py'
[2.852s] Level 1:colcon.colcon_core.package_identification:_identify(build) by extensions ['ignore', 'ignore_ament_install']
[2.853s] Level 1:colcon.colcon_core.package_identification:_identify(build) by extension 'ignore'
[2.853s] Level 1:colcon.colcon_core.package_identification:_identify(build) ignored
[2.853s] Level 1:colcon.colcon_core.package_identification:_identify(install) by extensions ['ignore', 'ignore_ament_install']
[2.854s] Level 1:colcon.colcon_core.package_identification:_identify(install) by extension 'ignore'
[2.854s] Level 1:colcon.colcon_core.package_identification:_identify(install) ignored
[2.855s] Level 1:colcon.colcon_core.package_identification:_identify(log) by extensions ['ignore', 'ignore_ament_install']
[2.855s] Level 1:colcon.colcon_core.package_identification:_identify(log) by extension 'ignore'
[2.856s] Level 1:colcon.colcon_core.package_identification:_identify(log) ignored
[2.856s] Level 1:colcon.colcon_core.package_identification:_identify(src) by extensions ['ignore', 'ignore_ament_install']
[2.856s] Level 1:colcon.colcon_core.package_identification:_identify(src) by extension 'ignore'
[2.857s] Level 1:colcon.colcon_core.package_identification:_identify(src) by extension 'ignore_ament_install'
[2.857s] Level 1:colcon.colcon_core.package_identification:_identify(src) by extensions ['colcon_pkg']
[2.857s] Level 1:colcon.colcon_core.package_identification:_identify(src) by extension 'colcon_pkg'
[2.857s] Level 1:colcon.colcon_core.package_identification:_identify(src) by extensions ['colcon_meta']
[2.858s] Level 1:colcon.colcon_core.package_identification:_identify(src) by extension 'colcon_meta'
[2.858s] Level 1:colcon.colcon_core.package_identification:_identify(src) by extensions ['ros']
[2.858s] Level 1:colcon.colcon_core.package_identification:_identify(src) by extension 'ros'
[2.858s] Level 1:colcon.colcon_core.package_identification:_identify(src) by extensions ['cmake', 'python']
[2.859s] Level 1:colcon.colcon_core.package_identification:_identify(src) by extension 'cmake'
[2.859s] Level 1:colcon.colcon_core.package_identification:_identify(src) by extension 'python'
[2.859s] Level 1:colcon.colcon_core.package_identification:_identify(src) by extensions ['python_setup_py']
[2.859s] Level 1:colcon.colcon_core.package_identification:_identify(src) by extension 'python_setup_py'
[2.860s] Level 1:colcon.colcon_core.package_identification:_identify(src/bme680_sensor) by extensions ['ignore', 'ignore_ament_install']
[2.860s] Level 1:colcon.colcon_core.package_identification:_identify(src/bme680_sensor) by extension 'ignore'
[2.860s] Level 1:colcon.colcon_core.package_identification:_identify(src/bme680_sensor) by extension 'ignore_ament_install'
[2.861s] Level 1:colcon.colcon_core.package_identification:_identify(src/bme680_sensor) by extensions ['colcon_pkg']
[2.861s] Level 1:colcon.colcon_core.package_identification:_identify(src/bme680_sensor) by extension 'colcon_pkg'
[2.861s] Level 1:colcon.colcon_core.package_identification:_identify(src/bme680_sensor) by extensions ['colcon_meta']
[2.861s] Level 1:colcon.colcon_core.package_identification:_identify(src/bme680_sensor) by extension 'colcon_meta'
[2.862s] Level 1:colcon.colcon_core.package_identification:_identify(src/bme680_sensor) by extensions ['ros']
[2.862s] Level 1:colcon.colcon_core.package_identification:_identify(src/bme680_sensor) by extension 'ros'
[2.875s] DEBUG:colcon.colcon_core.package_identification:Package 'src/bme680_sensor' with type 'ros.ament_python' and name 'bme680_sensor'
[2.876s] Level 1:colcon.colcon_core.package_discovery:discover_packages(recursive) using defaults
[2.876s] Level 1:colcon.colcon_core.package_discovery:discover_packages(ignore) discover
[2.876s] Level 1:colcon.colcon_core.package_discovery:discover_packages(ignore) using defaults
[2.876s] Level 1:colcon.colcon_core.package_discovery:discover_packages(path) discover
[2.876s] Level 1:colcon.colcon_core.package_discovery:discover_packages(path) using defaults
[3.026s] Level 1:colcon.colcon_core.package_discovery:discover_packages(prefix_path) check parameters
[3.026s] Level 1:colcon.colcon_core.package_discovery:discover_packages(prefix_path) discover
[3.087s] DEBUG:colcon.colcon_installed_package_information.package_discovery:Found 271 installed packages in /opt/ros/humble
[3.094s] Level 1:colcon.colcon_core.package_discovery:discover_packages(prefix_path) using defaults
[3.287s] Level 5:colcon.colcon_core.verb:set package 'bme680_sensor' build argument 'cmake_args' from command line to 'None'
[3.287s] Level 5:colcon.colcon_core.verb:set package 'bme680_sensor' build argument 'cmake_target' from command line to 'None'
[3.288s] Level 5:colcon.colcon_core.verb:set package 'bme680_sensor' build argument 'cmake_target_skip_unavailable' from command line to 'False'
[3.288s] Level 5:colcon.colcon_core.verb:set package 'bme680_sensor' build argument 'cmake_clean_cache' from command line to 'False'
[3.288s] Level 5:colcon.colcon_core.verb:set package 'bme680_sensor' build argument 'cmake_clean_first' from command line to 'False'
[3.288s] Level 5:colcon.colcon_core.verb:set package 'bme680_sensor' build argument 'cmake_force_configure' from command line to 'False'
[3.288s] Level 5:colcon.colcon_core.verb:set package 'bme680_sensor' build argument 'ament_cmake_args' from command line to 'None'
[3.288s] Level 5:colcon.colcon_core.verb:set package 'bme680_sensor' build argument 'catkin_cmake_args' from command line to 'None'
[3.288s] Level 5:colcon.colcon_core.verb:set package 'bme680_sensor' build argument 'catkin_skip_building_tests' from command line to 'False'
[3.289s] DEBUG:colcon.colcon_core.verb:Building package 'bme680_sensor' with the following arguments: {'ament_cmake_args': None, 'build_base': '/home/trung/BME_ws/build/bme680_sensor', 'catkin_cmake_args': None, 'catkin_skip_building_tests': False, 'cmake_args': None, 'cmake_clean_cache': False, 'cmake_clean_first': False, 'cmake_force_configure': False, 'cmake_target': None, 'cmake_target_skip_unavailable': False, 'install_base': '/home/trung/BME_ws/install/bme680_sensor', 'merge_install': False, 'path': '/home/trung/BME_ws/src/bme680_sensor', 'symlink_install': False, 'test_result_base': None}
[3.289s] INFO:colcon.colcon_core.executor:Executing jobs using 'parallel' executor
[3.293s] DEBUG:colcon.colcon_parallel_executor.executor.parallel:run_until_complete
[3.294s] INFO:colcon.colcon_ros.task.ament_python.build:Building ROS package in '/home/trung/BME_ws/src/bme680_sensor' with build type 'ament_python'
[3.295s] Level 1:colcon.colcon_core.shell:create_environment_hook('bme680_sensor', 'ament_prefix_path')
[3.316s] INFO:colcon.colcon_core.plugin_system:Skipping extension 'colcon_core.shell.bat': Not used on non-Windows systems
[3.318s] INFO:colcon.colcon_core.shell:Creating environment hook '/home/trung/BME_ws/install/bme680_sensor/share/bme680_sensor/hook/ament_prefix_path.ps1'
[3.322s] INFO:colcon.colcon_core.shell:Creating environment descriptor '/home/trung/BME_ws/install/bme680_sensor/share/bme680_sensor/hook/ament_prefix_path.dsv'
[3.326s] INFO:colcon.colcon_core.shell:Creating environment hook '/home/trung/BME_ws/install/bme680_sensor/share/bme680_sensor/hook/ament_prefix_path.sh'
[3.331s] INFO:colcon.colcon_core.shell:Skip shell extension 'powershell' for command environment: Not usable outside of PowerShell
[3.331s] DEBUG:colcon.colcon_core.shell:Skip shell extension 'dsv' for command environment
[4.732s] INFO:colcon.colcon_core.task.python.build:Building Python package in '/home/trung/BME_ws/src/bme680_sensor'
[4.734s] INFO:colcon.colcon_core.shell:Skip shell extension 'powershell' for command environment: Not usable outside of PowerShell
[4.734s] DEBUG:colcon.colcon_core.shell:Skip shell extension 'dsv' for command environment
[6.677s] DEBUG:colcon.colcon_core.event_handler.log_command:Invoking command in '/home/trung/BME_ws/src/bme680_sensor': PYTHONPATH=/home/trung/BME_ws/build/bme680_sensor/prefix_override:/usr/lib/python3/dist-packages/colcon_core/task/python/colcon_distutils_commands:/home/trung/BME_ws/install/bme680_sensor/lib/python3.10/site-packages:${PYTHONPATH} /usr/bin/python3 -W ignore:setup.py install is deprecated -W ignore:easy_install command is deprecated setup.py egg_info --egg-base ../../build/bme680_sensor build --build-base /home/trung/BME_ws/build/bme680_sensor/build install --record /home/trung/BME_ws/build/bme680_sensor/install.log --single-version-externally-managed install_data
[8.258s] DEBUG:colcon.colcon_core.event_handler.log_command:Invoked command in '/home/trung/BME_ws/src/bme680_sensor' returned '0': PYTHONPATH=/home/trung/BME_ws/build/bme680_sensor/prefix_override:/usr/lib/python3/dist-packages/colcon_core/task/python/colcon_distutils_commands:/home/trung/BME_ws/install/bme680_sensor/lib/python3.10/site-packages:${PYTHONPATH} /usr/bin/python3 -W ignore:setup.py install is deprecated -W ignore:easy_install command is deprecated setup.py egg_info --egg-base ../../build/bme680_sensor build --build-base /home/trung/BME_ws/build/bme680_sensor/build install --record /home/trung/BME_ws/build/bme680_sensor/install.log --single-version-externally-managed install_data
[8.286s] Level 1:colcon.colcon_core.environment:checking '/home/trung/BME_ws/install/bme680_sensor' for CMake module files
[8.289s] Level 1:colcon.colcon_core.environment:checking '/home/trung/BME_ws/install/bme680_sensor' for CMake config files
[8.293s] Level 1:colcon.colcon_core.environment:checking '/home/trung/BME_ws/install/bme680_sensor/lib'
[8.295s] Level 1:colcon.colcon_core.environment:checking '/home/trung/BME_ws/install/bme680_sensor/bin'
[8.295s] Level 1:colcon.colcon_core.environment:checking '/home/trung/BME_ws/install/bme680_sensor/lib/pkgconfig/bme680_sensor.pc'
[8.297s] Level 1:colcon.colcon_core.environment:checking '/home/trung/BME_ws/install/bme680_sensor/lib/python3.10/site-packages'
[8.297s] Level 1:colcon.colcon_core.shell:create_environment_hook('bme680_sensor', 'pythonpath')
[8.298s] INFO:colcon.colcon_core.shell:Creating environment hook '/home/trung/BME_ws/install/bme680_sensor/share/bme680_sensor/hook/pythonpath.ps1'
[8.301s] INFO:colcon.colcon_core.shell:Creating environment descriptor '/home/trung/BME_ws/install/bme680_sensor/share/bme680_sensor/hook/pythonpath.dsv'
[8.303s] INFO:colcon.colcon_core.shell:Creating environment hook '/home/trung/BME_ws/install/bme680_sensor/share/bme680_sensor/hook/pythonpath.sh'
[8.306s] Level 1:colcon.colcon_core.environment:checking '/home/trung/BME_ws/install/bme680_sensor/bin'
[8.307s] Level 1:colcon.colcon_core.environment:create_environment_scripts_only(bme680_sensor)
[8.308s] INFO:colcon.colcon_core.shell:Creating package script '/home/trung/BME_ws/install/bme680_sensor/share/bme680_sensor/package.ps1'
[8.313s] INFO:colcon.colcon_core.shell:Creating package descriptor '/home/trung/BME_ws/install/bme680_sensor/share/bme680_sensor/package.dsv'
[8.317s] INFO:colcon.colcon_core.shell:Creating package script '/home/trung/BME_ws/install/bme680_sensor/share/bme680_sensor/package.sh'
[8.321s] INFO:colcon.colcon_core.shell:Creating package script '/home/trung/BME_ws/install/bme680_sensor/share/bme680_sensor/package.bash'
[8.327s] INFO:colcon.colcon_core.shell:Creating package script '/home/trung/BME_ws/install/bme680_sensor/share/bme680_sensor/package.zsh'
[8.333s] Level 1:colcon.colcon_core.environment:create_file_with_runtime_dependencies(/home/trung/BME_ws/install/bme680_sensor/share/colcon-core/packages/bme680_sensor)
[8.335s] DEBUG:colcon.colcon_parallel_executor.executor.parallel:closing loop
[8.336s] DEBUG:colcon.colcon_parallel_executor.executor.parallel:loop closed
[8.337s] DEBUG:colcon.colcon_parallel_executor.executor.parallel:run_until_complete finished with '0'
[8.337s] DEBUG:colcon.colcon_core.event_reactor:joining thread
[8.367s] INFO:colcon.colcon_core.plugin_system:Skipping extension 'colcon_notification.desktop_notification.terminal_notifier': Not used on non-Darwin systems
[8.368s] INFO:colcon.colcon_core.plugin_system:Skipping extension 'colcon_notification.desktop_notification.win32': Not used on non-Windows systems
[8.368s] INFO:colcon.colcon_notification.desktop_notification:Sending desktop notification using 'notify2'
[8.374s] DEBUG:colcon.colcon_notification.desktop_notification.notify2:Failed to initialize notify2: org.freedesktop.DBus.Error.ServiceUnknown: The name org.freedesktop.Notifications was not provided by any .service files
[8.375s] DEBUG:colcon.colcon_core.event_reactor:joined thread
[8.377s] INFO:colcon.colcon_core.shell:Creating prefix script '/home/trung/BME_ws/install/local_setup.ps1'
[8.384s] INFO:colcon.colcon_core.shell:Creating prefix util module '/home/trung/BME_ws/install/_local_setup_util_ps1.py'
[8.394s] INFO:colcon.colcon_core.shell:Creating prefix chain script '/home/trung/BME_ws/install/setup.ps1'
[8.400s] INFO:colcon.colcon_core.shell:Creating prefix script '/home/trung/BME_ws/install/local_setup.sh'
[8.404s] INFO:colcon.colcon_core.shell:Creating prefix util module '/home/trung/BME_ws/install/_local_setup_util_sh.py'
[8.407s] INFO:colcon.colcon_core.shell:Creating prefix chain script '/home/trung/BME_ws/install/setup.sh'
[8.413s] INFO:colcon.colcon_core.shell:Creating prefix script '/home/trung/BME_ws/install/local_setup.bash'
[8.418s] INFO:colcon.colcon_core.shell:Creating prefix chain script '/home/trung/BME_ws/install/setup.bash'
[8.423s] INFO:colcon.colcon_core.shell:Creating prefix script '/home/trung/BME_ws/install/local_setup.zsh'
[8.428s] INFO:colcon.colcon_core.shell:Creating prefix chain script '/home/trung/BME_ws/install/setup.zsh'
