[3.439s] Invoking command in '/home/trung/BME_ws/src/bme680_sensor': PYTHONPATH=/home/trung/BME_ws/build/bme680_sensor/prefix_override:/usr/lib/python3/dist-packages/colcon_core/task/python/colcon_distutils_commands:/home/trung/BME_ws/install/bme680_sensor/lib/python3.10/site-packages:${PYTHONPATH} /usr/bin/python3 -W ignore:setup.py install is deprecated -W ignore:easy_install command is deprecated setup.py egg_info --egg-base ../../build/bme680_sensor build --build-base /home/trung/BME_ws/build/bme680_sensor/build install --record /home/trung/BME_ws/build/bme680_sensor/install.log --single-version-externally-managed install_data
[4.761s] running egg_info
[4.764s] writing ../../build/bme680_sensor/bme680_sensor.egg-info/PKG-INFO
[4.765s] writing dependency_links to ../../build/bme680_sensor/bme680_sensor.egg-info/dependency_links.txt
[4.766s] writing entry points to ../../build/bme680_sensor/bme680_sensor.egg-info/entry_points.txt
[4.768s] writing requirements to ../../build/bme680_sensor/bme680_sensor.egg-info/requires.txt
[4.769s] writing top-level names to ../../build/bme680_sensor/bme680_sensor.egg-info/top_level.txt
[4.778s] reading manifest file '../../build/bme680_sensor/bme680_sensor.egg-info/SOURCES.txt'
[4.788s] writing manifest file '../../build/bme680_sensor/bme680_sensor.egg-info/SOURCES.txt'
[4.788s] running build
[4.789s] running build_py
[4.789s] copying bme680_sensor/google_sheets_logger.py -> /home/trung/BME_ws/build/bme680_sensor/build/lib/bme680_sensor
[4.791s] running install
[4.793s] running install_lib
[4.796s] copying /home/trung/BME_ws/build/bme680_sensor/build/lib/bme680_sensor/google_sheets_logger.py -> /home/trung/BME_ws/install/bme680_sensor/lib/python3.10/site-packages/bme680_sensor
[4.799s] byte-compiling /home/trung/BME_ws/install/bme680_sensor/lib/python3.10/site-packages/bme680_sensor/google_sheets_logger.py to google_sheets_logger.cpython-310.pyc
[4.802s] running install_data
[4.803s] running install_egg_info
[4.811s] removing '/home/trung/BME_ws/install/bme680_sensor/lib/python3.10/site-packages/bme680_sensor-0.0.0-py3.10.egg-info' (and everything under it)
[4.813s] Copying ../../build/bme680_sensor/bme680_sensor.egg-info to /home/trung/BME_ws/install/bme680_sensor/lib/python3.10/site-packages/bme680_sensor-0.0.0-py3.10.egg-info
[4.820s] running install_scripts
[4.905s] Installing bme680_node script to /home/trung/BME_ws/install/bme680_sensor/lib/bme680_sensor
[4.906s] Installing google_sheets_logger script to /home/trung/BME_ws/install/bme680_sensor/lib/bme680_sensor
[4.908s] writing list of installed files to '/home/trung/BME_ws/build/bme680_sensor/install.log'
[5.039s] Invoked command in '/home/trung/BME_ws/src/bme680_sensor' returned '0': PYTHONPATH=/home/trung/BME_ws/build/bme680_sensor/prefix_override:/usr/lib/python3/dist-packages/colcon_core/task/python/colcon_distutils_commands:/home/trung/BME_ws/install/bme680_sensor/lib/python3.10/site-packages:${PYTHONPATH} /usr/bin/python3 -W ignore:setup.py install is deprecated -W ignore:easy_install command is deprecated setup.py egg_info --egg-base ../../build/bme680_sensor build --build-base /home/trung/BME_ws/build/bme680_sensor/build install --record /home/trung/BME_ws/build/bme680_sensor/install.log --single-version-externally-managed install_data
